build/app/intermediates/manifest_merge_blame_file/release/manifest-merger-blame-release-report.txt
1<?xml version="1.0" encoding="utf-8"?>
2<manifest xmlns:android="http://schemas.android.com/apk/res/android"
3    package="com.example.dalas"
4    android:versionCode="4001"
5    android:versionName="1.0.0" >
6
7    <uses-sdk
8        android:minSdkVersion="16"
8-->src\main\AndroidManifest.xml
9        android:targetSdkVersion="30" />
9-->src\main\AndroidManifest.xml
10
11    <uses-permission android:name="android.permission.CAMERA" />
11-->src\main\AndroidManifest.xml:4:5-64
11-->src\main\AndroidManifest.xml:4:22-62
12    <uses-permission android:name="android.permission.INTERNET" />
12-->src\main\AndroidManifest.xml:5:5-66
12-->src\main\AndroidManifest.xml:5:22-64
13    <uses-permission android:name="android.permission.WRITE_EXTERNAL_STORAGE" />
13-->src\main\AndroidManifest.xml:6:5-80
13-->src\main\AndroidManifest.xml:6:22-78
14    <uses-permission android:name="android.permission.READ_EXTERNAL_STORAGE" />
14-->src\main\AndroidManifest.xml:7:5-79
14-->src\main\AndroidManifest.xml:7:22-77
15    <uses-permission android:name="android.permission.ACCESS_NETWORK_STATE" />
15-->[com.google.firebase:firebase-auth:21.0.1] AndroidManifest.xml:24:5-79
15-->[com.google.firebase:firebase-auth:21.0.1] AndroidManifest.xml:24:22-76
16
17    <application
17-->src\main\AndroidManifest.xml:9:4-46:19
18        android:appComponentFactory="androidx.core.app.CoreComponentFactory"
18-->[androidx.core:core:1.1.0] AndroidManifest.xml:24:18-86
19        android:icon="@mipmap/ic_launcher"
19-->src\main\AndroidManifest.xml:11:9-43
20        android:label="dalas" >
20-->src\main\AndroidManifest.xml:10:9-30
21        <activity
21-->src\main\AndroidManifest.xml:12:9-40:20
22            android:name="com.example.dalas.MainActivity"
22-->src\main\AndroidManifest.xml:13:13-41
23            android:configChanges="orientation|keyboardHidden|keyboard|screenSize|smallestScreenSize|locale|layoutDirection|fontScale|screenLayout|density|uiMode"
23-->src\main\AndroidManifest.xml:16:13-163
24            android:hardwareAccelerated="true"
24-->src\main\AndroidManifest.xml:17:13-47
25            android:launchMode="singleTop"
25-->src\main\AndroidManifest.xml:14:13-43
26            android:theme="@style/LaunchTheme"
26-->src\main\AndroidManifest.xml:15:13-47
27            android:windowSoftInputMode="adjustResize" >
27-->src\main\AndroidManifest.xml:18:13-55
28
29            <!--
30                 Specifies an Android theme to apply to this Activity as soon as
31                 the Android process has started. This theme is visible to the user
32                 while the Flutter UI initializes. After that, this theme continues
33                 to determine the Window background behind the Flutter UI.
34            -->
35            <meta-data
35-->src\main\AndroidManifest.xml:23:13-26:17
36                android:name="io.flutter.embedding.android.NormalTheme"
36-->src\main\AndroidManifest.xml:24:15-70
37                android:resource="@style/NormalTheme" />
37-->src\main\AndroidManifest.xml:25:15-52
38            <!--
39                 Displays an Android View that continues showing the launch screen
40                 Drawable until Flutter paints its first frame, then this splash
41                 screen fades out. A splash screen is useful to avoid any visual
42                 gap between the end of Android's launch screen and the painting of
43                 Flutter's first frame.
44            -->
45            <meta-data
45-->src\main\AndroidManifest.xml:32:13-35:17
46                android:name="io.flutter.embedding.android.SplashScreenDrawable"
46-->src\main\AndroidManifest.xml:33:15-79
47                android:resource="@drawable/launch_background" />
47-->src\main\AndroidManifest.xml:34:15-61
48
49            <intent-filter>
49-->src\main\AndroidManifest.xml:36:13-39:29
50                <action android:name="android.intent.action.MAIN" />
50-->src\main\AndroidManifest.xml:37:17-68
50-->src\main\AndroidManifest.xml:37:25-66
51
52                <category android:name="android.intent.category.LAUNCHER" />
52-->src\main\AndroidManifest.xml:38:17-76
52-->src\main\AndroidManifest.xml:38:27-74
53            </intent-filter>
54        </activity>
55        <!--
56             Don't delete the meta-data below.
57             This is used by the Flutter tool to generate GeneratedPluginRegistrant.java
58        -->
59        <meta-data
59-->src\main\AndroidManifest.xml:43:9-45:33
60            android:name="flutterEmbedding"
60-->src\main\AndroidManifest.xml:44:13-44
61            android:value="2" />
61-->src\main\AndroidManifest.xml:45:13-30
62
63        <service
63-->[:firebase_auth] AndroidManifest.xml:8:9-12:19
64            android:name="com.google.firebase.components.ComponentDiscoveryService"
64-->[:firebase_auth] AndroidManifest.xml:8:18-89
65            android:directBootAware="true"
65-->[com.google.firebase:firebase-common:20.0.0] AndroidManifest.xml:35:13-43
66            android:exported="false" >
66-->[com.google.firebase:firebase-auth:21.0.1] AndroidManifest.xml:76:13-37
67            <meta-data
67-->[:firebase_auth] AndroidManifest.xml:9:13-11:85
68                android:name="com.google.firebase.components:io.flutter.plugins.firebase.auth.FlutterFirebaseAuthRegistrar"
68-->[:firebase_auth] AndroidManifest.xml:10:17-124
69                android:value="com.google.firebase.components.ComponentRegistrar" />
69-->[:firebase_auth] AndroidManifest.xml:11:17-82
70            <meta-data
70-->[:firebase_core] AndroidManifest.xml:9:13-11:85
71                android:name="com.google.firebase.components:io.flutter.plugins.firebase.core.FlutterFirebaseCoreRegistrar"
71-->[:firebase_core] AndroidManifest.xml:10:17-124
72                android:value="com.google.firebase.components.ComponentRegistrar" />
72-->[:firebase_core] AndroidManifest.xml:11:17-82
73            <meta-data
73-->[com.google.firebase:firebase-auth:21.0.1] AndroidManifest.xml:77:13-79:85
74                android:name="com.google.firebase.components:com.google.firebase.auth.FirebaseAuthRegistrar"
74-->[com.google.firebase:firebase-auth:21.0.1] AndroidManifest.xml:78:17-109
75                android:value="com.google.firebase.components.ComponentRegistrar" />
75-->[com.google.firebase:firebase-auth:21.0.1] AndroidManifest.xml:79:17-82
76        </service>
77
78        <provider
78-->[:image_picker] AndroidManifest.xml:8:9-16:20
79            android:name="io.flutter.plugins.imagepicker.ImagePickerFileProvider"
79-->[:image_picker] AndroidManifest.xml:9:13-82
80            android:authorities="com.example.dalas.flutter.image_provider"
80-->[:image_picker] AndroidManifest.xml:10:13-74
81            android:exported="false"
81-->[:image_picker] AndroidManifest.xml:11:13-37
82            android:grantUriPermissions="true" >
82-->[:image_picker] AndroidManifest.xml:12:13-47
83            <meta-data
83-->[:image_picker] AndroidManifest.xml:13:13-15:75
84                android:name="android.support.FILE_PROVIDER_PATHS"
84-->[:image_picker] AndroidManifest.xml:14:17-67
85                android:resource="@xml/flutter_image_picker_file_paths" />
85-->[:image_picker] AndroidManifest.xml:15:17-72
86        </provider>
87
88        <activity
88-->[com.google.firebase:firebase-auth:21.0.1] AndroidManifest.xml:27:9-44:20
89            android:name="com.google.firebase.auth.internal.GenericIdpActivity"
89-->[com.google.firebase:firebase-auth:21.0.1] AndroidManifest.xml:28:13-80
90            android:excludeFromRecents="true"
90-->[com.google.firebase:firebase-auth:21.0.1] AndroidManifest.xml:29:13-46
91            android:exported="true"
91-->[com.google.firebase:firebase-auth:21.0.1] AndroidManifest.xml:30:13-36
92            android:launchMode="singleTask"
92-->[com.google.firebase:firebase-auth:21.0.1] AndroidManifest.xml:31:13-44
93            android:theme="@android:style/Theme.Translucent.NoTitleBar" >
93-->[com.google.firebase:firebase-auth:21.0.1] AndroidManifest.xml:32:13-72
94            <intent-filter>
94-->[com.google.firebase:firebase-auth:21.0.1] AndroidManifest.xml:33:13-43:29
95                <action android:name="android.intent.action.VIEW" />
95-->[com.google.firebase:firebase-auth:21.0.1] AndroidManifest.xml:34:17-69
95-->[com.google.firebase:firebase-auth:21.0.1] AndroidManifest.xml:34:25-66
96
97                <category android:name="android.intent.category.DEFAULT" />
97-->[com.google.firebase:firebase-auth:21.0.1] AndroidManifest.xml:36:17-76
97-->[com.google.firebase:firebase-auth:21.0.1] AndroidManifest.xml:36:27-73
98                <category android:name="android.intent.category.BROWSABLE" />
98-->[com.google.firebase:firebase-auth:21.0.1] AndroidManifest.xml:37:17-78
98-->[com.google.firebase:firebase-auth:21.0.1] AndroidManifest.xml:37:27-75
99
100                <data
100-->[com.google.firebase:firebase-auth:21.0.1] AndroidManifest.xml:39:17-42:51
101                    android:host="firebase.auth"
101-->[com.google.firebase:firebase-auth:21.0.1] AndroidManifest.xml:40:21-49
102                    android:path="/"
102-->[com.google.firebase:firebase-auth:21.0.1] AndroidManifest.xml:41:21-37
103                    android:scheme="genericidp" />
103-->[com.google.firebase:firebase-auth:21.0.1] AndroidManifest.xml:42:21-48
104            </intent-filter>
105        </activity>
106        <activity
106-->[com.google.firebase:firebase-auth:21.0.1] AndroidManifest.xml:45:9-62:20
107            android:name="com.google.firebase.auth.internal.RecaptchaActivity"
107-->[com.google.firebase:firebase-auth:21.0.1] AndroidManifest.xml:46:13-79
108            android:excludeFromRecents="true"
108-->[com.google.firebase:firebase-auth:21.0.1] AndroidManifest.xml:47:13-46
109            android:exported="true"
109-->[com.google.firebase:firebase-auth:21.0.1] AndroidManifest.xml:48:13-36
110            android:launchMode="singleTask"
110-->[com.google.firebase:firebase-auth:21.0.1] AndroidManifest.xml:49:13-44
111            android:theme="@android:style/Theme.Translucent.NoTitleBar" >
111-->[com.google.firebase:firebase-auth:21.0.1] AndroidManifest.xml:50:13-72
112            <intent-filter>
112-->[com.google.firebase:firebase-auth:21.0.1] AndroidManifest.xml:51:13-61:29
113                <action android:name="android.intent.action.VIEW" />
113-->[com.google.firebase:firebase-auth:21.0.1] AndroidManifest.xml:34:17-69
113-->[com.google.firebase:firebase-auth:21.0.1] AndroidManifest.xml:34:25-66
114
115                <category android:name="android.intent.category.DEFAULT" />
115-->[com.google.firebase:firebase-auth:21.0.1] AndroidManifest.xml:36:17-76
115-->[com.google.firebase:firebase-auth:21.0.1] AndroidManifest.xml:36:27-73
116                <category android:name="android.intent.category.BROWSABLE" />
116-->[com.google.firebase:firebase-auth:21.0.1] AndroidManifest.xml:37:17-78
116-->[com.google.firebase:firebase-auth:21.0.1] AndroidManifest.xml:37:27-75
117
118                <data
118-->[com.google.firebase:firebase-auth:21.0.1] AndroidManifest.xml:39:17-42:51
119                    android:host="firebase.auth"
119-->[com.google.firebase:firebase-auth:21.0.1] AndroidManifest.xml:40:21-49
120                    android:path="/"
120-->[com.google.firebase:firebase-auth:21.0.1] AndroidManifest.xml:41:21-37
121                    android:scheme="recaptcha" />
121-->[com.google.firebase:firebase-auth:21.0.1] AndroidManifest.xml:42:21-48
122            </intent-filter>
123        </activity>
124
125        <service
125-->[com.google.firebase:firebase-auth:21.0.1] AndroidManifest.xml:64:9-73:19
126            android:name="com.google.firebase.auth.api.fallback.service.FirebaseAuthFallbackService"
126-->[com.google.firebase:firebase-auth:21.0.1] AndroidManifest.xml:65:13-101
127            android:enabled="true"
127-->[com.google.firebase:firebase-auth:21.0.1] AndroidManifest.xml:66:13-35
128            android:exported="false" >
128-->[com.google.firebase:firebase-auth:21.0.1] AndroidManifest.xml:67:13-37
129            <intent-filter>
129-->[com.google.firebase:firebase-auth:21.0.1] AndroidManifest.xml:68:13-72:29
130                <action android:name="com.google.firebase.auth.api.gms.service.START" />
130-->[com.google.firebase:firebase-auth:21.0.1] AndroidManifest.xml:69:17-89
130-->[com.google.firebase:firebase-auth:21.0.1] AndroidManifest.xml:69:25-86
131
132                <category android:name="android.intent.category.DEFAULT" />
132-->[com.google.firebase:firebase-auth:21.0.1] AndroidManifest.xml:36:17-76
132-->[com.google.firebase:firebase-auth:21.0.1] AndroidManifest.xml:36:27-73
133            </intent-filter>
134        </service>
135
136        <provider
136-->[com.google.firebase:firebase-common:20.0.0] AndroidManifest.xml:26:9-31:39
137            android:name="com.google.firebase.provider.FirebaseInitProvider"
137-->[com.google.firebase:firebase-common:20.0.0] AndroidManifest.xml:27:13-77
138            android:authorities="com.example.dalas.firebaseinitprovider"
138-->[com.google.firebase:firebase-common:20.0.0] AndroidManifest.xml:28:13-72
139            android:directBootAware="true"
139-->[com.google.firebase:firebase-common:20.0.0] AndroidManifest.xml:29:13-43
140            android:exported="false"
140-->[com.google.firebase:firebase-common:20.0.0] AndroidManifest.xml:30:13-37
141            android:initOrder="100" />
141-->[com.google.firebase:firebase-common:20.0.0] AndroidManifest.xml:31:13-36
142
143        <activity
143-->[com.google.android.gms:play-services-base:17.1.0] AndroidManifest.xml:23:9-26:75
144            android:name="com.google.android.gms.common.api.GoogleApiActivity"
144-->[com.google.android.gms:play-services-base:17.1.0] AndroidManifest.xml:24:13-79
145            android:exported="false"
145-->[com.google.android.gms:play-services-base:17.1.0] AndroidManifest.xml:25:13-37
146            android:theme="@android:style/Theme.Translucent.NoTitleBar" />
146-->[com.google.android.gms:play-services-base:17.1.0] AndroidManifest.xml:26:13-72
147
148        <meta-data
148-->[com.google.android.gms:play-services-basement:17.1.0] AndroidManifest.xml:23:9-25:69
149            android:name="com.google.android.gms.version"
149-->[com.google.android.gms:play-services-basement:17.1.0] AndroidManifest.xml:24:13-58
150            android:value="@integer/google_play_services_version" />
150-->[com.google.android.gms:play-services-basement:17.1.0] AndroidManifest.xml:25:13-66
151    </application>
152
153</manifest>